<?xml version="1.0" encoding="UTF-8"?>
<!-- Generated by org.testng.reporters.JUnitReportReporter -->
<testsuite hostname="RSALECHA-M-6054" name="firstestngpackage.TenthTestNGFile" tests="1" failures="0" timestamp="16 Aug 2015 06:09:42 GMT" time="96.365" errors="0">
  <testcase name="webDriver" time="96.365" classname="firstestngpackage.TenthTestNGFile"/>
</testsuite> <!-- firstestngpackage.TenthTestNGFile -->
