<?xml version="1.0" encoding="UTF-8"?>
<!-- Generated by org.testng.reporters.JUnitReportReporter -->
<testsuite hostname="RSALECHA-M-6054" name="firstestngpackage.FirstTestNGFile" tests="2" failures="0" timestamp="17 Aug 2015 15:44:14 GMT" time="1286.168" errors="2">
  <testcase name="webDriver" time="1280.432" classname="firstestngpackage.FirstTestNGFile">
    <error type="org.openqa.selenium.WebDriverException" message="&lt;!DOCTYPE HTML PUBLIC &quot;-//W3C//DTD HTML 4.01 Transitional//EN&quot;
&quot;http://www.w3.org/TR/html4/loose.dtd&quot;&gt;
&lt;html&gt;
&lt;head&gt;
&lt;meta http-equiv=&quot;Content-Type&quot; content=&quot;text/html; charset=UTF-8&quot;&gt;
&lt;title&gt;Notification: Gateway Timeout&lt;/title&gt;
&lt;style type=&quot;text/css&quot;&gt;
&lt;!--
body {
    margin-left: 2%;
    margin-right: 2%;
}
p {
    font-family: verdana, Arial, Helvetica, sans-serif;
    font-size: 12px;
    top: 0px;
    margin-top: 6px;
    margin-bottom: 6px;
}
td {
    font-family: verdana, Arial, Helvetica, sans-serif;
    font-size: 12px;
    top: 0px;
}
.code {
    font-family: courier;
    font-size: 12px;
    top: 0px;
}
h1 {
    font-family: verdana, Arial, Helvetica, sans-serif;
    font-size: 16px;
    margin-top: 24px;
    margin-bottom: 8px;
}
hr {
    margin-top: 2px;
    margin-bottom: 2px;
}
--&gt;
&lt;/style&gt;
&lt;/head&gt;

&lt;body&gt;

&lt;h1&gt;This Page Cannot Be Displayed&lt;/h1&gt;
&lt;hr&gt;

&lt;p&gt;
The system cannot communicate with the external server (&amp;nbsp;ondemand.saucelabs.com&amp;nbsp;).
The Internet server may be busy, may be permanently down, or may be
unreachable because of network problems.
&lt;/p&gt;

&lt;p&gt;
Please check the spelling of the Internet address entered.
If it is correct, try this request later.
&lt;/p&gt;



&lt;p&gt;
If you have questions, or feel this is an error, please contact
your organization&#039;s network administrator 
and provide the codes shown below.
&lt;/p&gt;

&lt;hr&gt;
&lt;table&gt;
  &lt;tr valign=&quot;top&quot;&gt;
    &lt;td valign=&quot;top&quot; width=&quot;10%&quot;&gt;Notification&amp;nbsp;codes:&amp;nbsp;&lt;/td&gt;
    &lt;td valign=&quot;top&quot; class=&quot;code&quot; width=&quot;90%&quot;&gt;(1, GATEWAY_TIMEOUT, ondemand.saucelabs.com)&lt;/td&gt;
  &lt;/tr&gt;
&lt;/table&gt;

&lt;/body&gt;
&lt;/html&gt;
Command duration or timeout: 420.56 seconds
Build info: version: &#039;2.46.0&#039;, revision: &#039;87c69e2&#039;, time: &#039;2015-06-04 16:16:47&#039;
System info: host: &#039;RSALECHA-M-6054&#039;, ip: &#039;192.168.0.101&#039;, os.name: &#039;Mac OS X&#039;, os.arch: &#039;x86_64&#039;, os.version: &#039;10.9.5&#039;, java.version: &#039;1.8.0_51&#039;
Driver info: org.openqa.selenium.remote.RemoteWebDriver
Capabilities [{applicationCacheEnabled=true, rotatable=false, hasMetadata=true, databaseEnabled=true, handlesAlerts=true, version=38.0, platform=MAC, nativeEvents=false, acceptSslCerts=true, webdriver.remote.sessionid=11dd8cec5f724baf94de993eefb935d0, locationContextEnabled=true, webStorageEnabled=true, takesScreenshot=true, browserName=firefox, javascriptEnabled=true, cssSelectorsEnabled=true}]
Session ID: 11dd8cec5f724baf94de993eefb935d0
*** Element info: {Using=xpath, value=//div[@class = &#039;load-more&#039;]}">
      <![CDATA[org.openqa.selenium.WebDriverException: <!DOCTYPE HTML PUBLIC "-//W3C//DTD HTML 4.01 Transitional//EN"
"http://www.w3.org/TR/html4/loose.dtd">
<html>
<head>
<meta http-equiv="Content-Type" content="text/html; charset=UTF-8">
<title>Notification: Gateway Timeout</title>
<style type="text/css">
<!--
body {
    margin-left: 2%;
    margin-right: 2%;
}
p {
    font-family: verdana, Arial, Helvetica, sans-serif;
    font-size: 12px;
    top: 0px;
    margin-top: 6px;
    margin-bottom: 6px;
}
td {
    font-family: verdana, Arial, Helvetica, sans-serif;
    font-size: 12px;
    top: 0px;
}
.code {
    font-family: courier;
    font-size: 12px;
    top: 0px;
}
h1 {
    font-family: verdana, Arial, Helvetica, sans-serif;
    font-size: 16px;
    margin-top: 24px;
    margin-bottom: 8px;
}
hr {
    margin-top: 2px;
    margin-bottom: 2px;
}
-->
</style>
</head>

<body>

<h1>This Page Cannot Be Displayed</h1>
<hr>

<p>
The system cannot communicate with the external server (&nbsp;ondemand.saucelabs.com&nbsp;).
The Internet server may be busy, may be permanently down, or may be
unreachable because of network problems.
</p>

<p>
Please check the spelling of the Internet address entered.
If it is correct, try this request later.
</p>



<p>
If you have questions, or feel this is an error, please contact
your organization's network administrator 
and provide the codes shown below.
</p>

<hr>
<table>
  <tr valign="top">
    <td valign="top" width="10%">Notification&nbsp;codes:&nbsp;</td>
    <td valign="top" class="code" width="90%">(1, GATEWAY_TIMEOUT, ondemand.saucelabs.com)</td>
  </tr>
</table>

</body>
</html>
Command duration or timeout: 420.56 seconds
Build info: version: '2.46.0', revision: '87c69e2', time: '2015-06-04 16:16:47'
System info: host: 'RSALECHA-M-6054', ip: '192.168.0.101', os.name: 'Mac OS X', os.arch: 'x86_64', os.version: '10.9.5', java.version: '1.8.0_51'
Driver info: org.openqa.selenium.remote.RemoteWebDriver
Capabilities [{applicationCacheEnabled=true, rotatable=false, hasMetadata=true, databaseEnabled=true, handlesAlerts=true, version=38.0, platform=MAC, nativeEvents=false, acceptSslCerts=true, webdriver.remote.sessionid=11dd8cec5f724baf94de993eefb935d0, locationContextEnabled=true, webStorageEnabled=true, takesScreenshot=true, browserName=firefox, javascriptEnabled=true, cssSelectorsEnabled=true}]
Session ID: 11dd8cec5f724baf94de993eefb935d0
*** Element info: {Using=xpath, value=//div[@class = 'load-more']}
	at sun.reflect.NativeConstructorAccessorImpl.newInstance0(Native Method)
	at sun.reflect.NativeConstructorAccessorImpl.newInstance(NativeConstructorAccessorImpl.java:62)
	at sun.reflect.DelegatingConstructorAccessorImpl.newInstance(DelegatingConstructorAccessorImpl.java:45)
	at java.lang.reflect.Constructor.newInstance(Constructor.java:422)
	at org.openqa.selenium.remote.ErrorHandler.createThrowable(ErrorHandler.java:204)
	at org.openqa.selenium.remote.ErrorHandler.throwIfResponseFailed(ErrorHandler.java:156)
	at org.openqa.selenium.remote.RemoteWebDriver.execute(RemoteWebDriver.java:605)
	at org.openqa.selenium.remote.RemoteWebDriver.findElement(RemoteWebDriver.java:358)
	at org.openqa.selenium.remote.RemoteWebDriver.findElementByXPath(RemoteWebDriver.java:455)
	at org.openqa.selenium.By$ByXPath.findElement(By.java:358)
	at org.openqa.selenium.remote.RemoteWebDriver.findElement(RemoteWebDriver.java:350)
	at firstestngpackage.FirstTestNGFile.webDriver(FirstTestNGFile.java:125)
	at sun.reflect.NativeMethodAccessorImpl.invoke0(Native Method)
	at sun.reflect.NativeMethodAccessorImpl.invoke(NativeMethodAccessorImpl.java:62)
	at sun.reflect.DelegatingMethodAccessorImpl.invoke(DelegatingMethodAccessorImpl.java:43)
	at java.lang.reflect.Method.invoke(Method.java:497)
	at org.testng.internal.MethodInvocationHelper.invokeMethod(MethodInvocationHelper.java:85)
	at org.testng.internal.Invoker.invokeMethod(Invoker.java:648)
	at org.testng.internal.Invoker.invokeTestMethod(Invoker.java:834)
	at org.testng.internal.TestMethodWithDataProviderMethodWorker.call(TestMethodWithDataProviderMethodWorker.java:75)
	at org.testng.internal.TestMethodWithDataProviderMethodWorker.call(TestMethodWithDataProviderMethodWorker.java:14)
	at java.util.concurrent.FutureTask.run(FutureTask.java:266)
	at java.util.concurrent.Executors$RunnableAdapter.call(Executors.java:511)
	at java.util.concurrent.FutureTask.run(FutureTask.java:266)
	at java.util.concurrent.ThreadPoolExecutor.runWorker(ThreadPoolExecutor.java:1142)
	at java.util.concurrent.ThreadPoolExecutor$Worker.run(ThreadPoolExecutor.java:617)
	at java.lang.Thread.run(Thread.java:745)
]]>
    </error>
  </testcase> <!-- webDriver -->
  <testcase name="webDriver" time="5.736" classname="firstestngpackage.FirstTestNGFile">
    <error type="java.lang.IndexOutOfBoundsException" message="Index: 1, Size: 0">
      <![CDATA[java.lang.IndexOutOfBoundsException: Index: 1, Size: 0
	at java.util.ArrayList.rangeCheck(ArrayList.java:653)
	at java.util.ArrayList.get(ArrayList.java:429)
	at firstestngpackage.FirstTestNGFile.webDriver(FirstTestNGFile.java:103)
	at sun.reflect.NativeMethodAccessorImpl.invoke0(Native Method)
	at sun.reflect.NativeMethodAccessorImpl.invoke(NativeMethodAccessorImpl.java:62)
	at sun.reflect.DelegatingMethodAccessorImpl.invoke(DelegatingMethodAccessorImpl.java:43)
	at java.lang.reflect.Method.invoke(Method.java:497)
	at org.testng.internal.MethodInvocationHelper.invokeMethod(MethodInvocationHelper.java:85)
	at org.testng.internal.Invoker.invokeMethod(Invoker.java:648)
	at org.testng.internal.Invoker.invokeTestMethod(Invoker.java:834)
	at org.testng.internal.TestMethodWithDataProviderMethodWorker.call(TestMethodWithDataProviderMethodWorker.java:75)
	at org.testng.internal.TestMethodWithDataProviderMethodWorker.call(TestMethodWithDataProviderMethodWorker.java:14)
	at java.util.concurrent.FutureTask.run(FutureTask.java:266)
	at java.util.concurrent.Executors$RunnableAdapter.call(Executors.java:511)
	at java.util.concurrent.FutureTask.run(FutureTask.java:266)
	at java.util.concurrent.ThreadPoolExecutor.runWorker(ThreadPoolExecutor.java:1142)
	at java.util.concurrent.ThreadPoolExecutor$Worker.run(ThreadPoolExecutor.java:617)
	at java.lang.Thread.run(Thread.java:745)
]]>
    </error>
  </testcase> <!-- webDriver -->
</testsuite> <!-- firstestngpackage.FirstTestNGFile -->
