<?xml version="1.0" encoding="UTF-8"?>
<!-- Generated by org.testng.reporters.JUnitReportReporter -->
<testsuite hostname="RSALECHA-M-6054" name="firstestngpackage.SixthTestNGFile" tests="1" failures="0" timestamp="13 Aug 2015 17:57:16 GMT" time="2254.805" errors="0">
  <testcase name="test" time="2254.805" classname="firstestngpackage.SixthTestNGFile"/>
</testsuite> <!-- firstestngpackage.SixthTestNGFile -->
