<?xml version="1.0" encoding="UTF-8"?>
<!-- Generated by org.testng.reporters.JUnitReportReporter -->
<testsuite hostname="RSALECHA-M-6054" name="firstestngpackage.SecondTestNGFile" tests="1" failures="0" timestamp="13 Aug 2015 17:57:16 GMT" time="1400.466" errors="0">
  <testcase name="test" time="1400.466" classname="firstestngpackage.SecondTestNGFile"/>
</testsuite> <!-- firstestngpackage.SecondTestNGFile -->
