<?xml version="1.0" encoding="UTF-8"?>
<!-- Generated by org.testng.reporters.JUnitReportReporter -->
<testsuite hostname="RSALECHA-M-6054" name="firstestngpackage.Test6" tests="2" failures="0" timestamp="17 Aug 2015 07:35:58 GMT" time="18.710" errors="0">
  <testcase name="webDriver" time="8.056" classname="firstestngpackage.Test6"/>
  <testcase name="webDriver" time="10.654" classname="firstestngpackage.Test6"/>
</testsuite> <!-- firstestngpackage.Test6 -->
